This is TeX, Version 3.14159 (Web2C 7.4.5) (format=latex 2007.8.10)  24 AUG 2007 19:27
**AboutSparseLab.tex
(./AboutSparseLab.tex
LaTeX2e <2001/06/01>
Babel <v3.7h> and hyphenation patterns for american, french, german, ngerman, n
ohyphenation, loaded.
(/usr/share/texmf/tex/latex/base/article.cls
Document Class: article 2001/04/21 v1.4e Standard LaTeX document class
(/usr/share/texmf/tex/latex/base/size10.clo
File: size10.clo 2001/04/21 v1.4e Standard LaTeX file (size option)
)
\c@part=\count79
\c@section=\count80
\c@subsection=\count81
\c@subsubsection=\count82
\c@paragraph=\count83
\c@subparagraph=\count84
\c@figure=\count85
\c@table=\count86
\abovecaptionskip=\skip41
\belowcaptionskip=\skip42
\bibindent=\dimen102
)
(/usr/share/texmf/tex/generic/misc/epsf.tex
This is `epsf.tex' v2.7k <10 July 1997>
\epsffilein=\read1
\epsfframemargin=\dimen103
\epsfframethickness=\dimen104
\epsfrsize=\dimen105
\epsftmp=\dimen106
\epsftsize=\dimen107
\epsfxsize=\dimen108
\epsfysize=\dimen109
\pspoints=\dimen110
\epsfnoopenhelp=\toks14
) (/usr/share/texmf/tex/latex/graphics/graphicx.sty
Package: graphicx 1999/02/16 v1.0f Enhanced LaTeX Graphics (DPC,SPQR)

(/usr/share/texmf/tex/latex/graphics/keyval.sty
Package: keyval 1999/03/16 v1.13 key=value parser (DPC)
\KV@toks@=\toks15
)
(/usr/share/texmf/tex/latex/graphics/graphics.sty
Package: graphics 2001/07/07 v1.0n Standard LaTeX Graphics (DPC,SPQR)

(/usr/share/texmf/tex/latex/graphics/trig.sty
Package: trig 1999/03/16 v1.09 sin cos tan (DPC)
)
(/usr/share/texmf/tex/latex/config/graphics.cfg
File: graphics.cfg 2001/08/31 v1.1 graphics configuration of teTeX/TeXLive
)
Package graphics Info: Driver file: dvips.def on input line 80.

(/usr/share/texmf/tex/latex/graphics/dvips.def
File: dvips.def 1999/02/16 v3.0i Driver-dependant file (DPC,SPQR)
))
\Gin@req@height=\dimen111
\Gin@req@width=\dimen112
) (./AboutSparseLab.aux)
\openout1 = `AboutSparseLab.aux'.

LaTeX Font Info:    Checking defaults for OML/cmm/m/it on input line 12.
LaTeX Font Info:    ... okay on input line 12.
LaTeX Font Info:    Checking defaults for T1/cmr/m/n on input line 12.
LaTeX Font Info:    ... okay on input line 12.
LaTeX Font Info:    Checking defaults for OT1/cmr/m/n on input line 12.
LaTeX Font Info:    ... okay on input line 12.
LaTeX Font Info:    Checking defaults for OMS/cmsy/m/n on input line 12.
LaTeX Font Info:    ... okay on input line 12.
LaTeX Font Info:    Checking defaults for OMX/cmex/m/n on input line 12.
LaTeX Font Info:    ... okay on input line 12.
LaTeX Font Info:    Checking defaults for U/cmr/m/n on input line 12.
LaTeX Font Info:    ... okay on input line 12.

(./SparseMacros.tex)
LaTeX Font Info:    External font `cmex10' loaded for size
(Font)              <12> on input line 24.
LaTeX Font Info:    External font `cmex10' loaded for size
(Font)              <8> on input line 24.
LaTeX Font Info:    External font `cmex10' loaded for size
(Font)              <6> on input line 24.
 [1

] (./AboutSparseLab.toc)
\tf@toc=\write3
\openout3 = `AboutSparseLab.toc'.

 [2] [3]
LaTeX Font Info:    External font `cmex10' loaded for size
(Font)              <7> on input line 134.
LaTeX Font Info:    External font `cmex10' loaded for size
(Font)              <5> on input line 134.

Overfull \hbox (43.23079pt too wide) in paragraph at lines 139--142
\OT1/cmr/m/n/10 To down-load the com-pressed archive from the web, point your w
eb browser to http://sparselab.stanford.edu
 []


Overfull \hbox (28.97612pt too wide) in paragraph at lines 202--202
[]\OT1/cmtt/m/n/10 %   Examples             -    Detailed examples of SparseLab
 finding sparse solutions[] 
 []

[4]
Overfull \hbox (18.47621pt too wide) in paragraph at lines 202--202
[]\OT1/cmtt/m/n/10 %   Papers               -    Scripts for reproducing figure
s in published articles[] 
 []


Overfull \hbox (34.22607pt too wide) in paragraph at lines 202--202
[]\OT1/cmtt/m/n/10 %                             Polytopes with Neighborliness 
Proportional to Dimension"[] 
 []


Overfull \hbox (28.97612pt too wide) in paragraph at lines 202--202
[]\OT1/cmtt/m/n/10 %                             Underdetermined Linear Equatio
ns by Linear Programming"[] 
 []


Underfull \hbox (badness 10000) in paragraph at lines 243--252

 []

[5]
Overfull \hbox (43.03653pt too wide) in paragraph at lines 252--256
\OT1/cmr/m/n/10 am-ple /tmp) to their fi-nal des-ti-na-tion, for ex-am-ple in y
our home di-rec-tory ~user/matlab/Sparselab200. 
 []


Underfull \hbox (badness 10000) in paragraph at lines 280--281

 []


Underfull \hbox (badness 10000) in paragraph at lines 284--294

 []


Underfull \hbox (badness 10000) in paragraph at lines 302--303

 []


Overfull \hbox (1.73083pt too wide) in paragraph at lines 304--309
[]\OT1/cmr/m/n/10 If you want to au-to-mat-i-cally load Sparse-lab200 upon the 
start-up copy the file SparsePath.m
 []


Underfull \hbox (badness 10000) in paragraph at lines 304--309

 []

[6]
Underfull \hbox (badness 10000) in paragraph at lines 327--337

 []


Underfull \hbox (badness 10000) in paragraph at lines 347--348

 []


Overfull \hbox (1.73083pt too wide) in paragraph at lines 349--355
[]\OT1/cmr/m/n/10 If you want to au-to-mat-i-cally load Sparse-lab200 upon the 
start-up copy the file SparsePath.m
 []


Underfull \hbox (badness 10000) in paragraph at lines 349--355

 []

[7]
Overfull \hbox (7.9763pt too wide) in paragraph at lines 413--413
[]   \OT1/cmtt/m/n/10 global SparseLABPATH = C:\Program Files\MATLAB704\work\Sp
arseLab\SparseLab100\[] 
 []


Overfull \hbox (7.9763pt too wide) in paragraph at lines 413--413
[]   \OT1/cmtt/m/n/10 HDCPNPDDemo  - demo for paper "High-Dimensional Centrosym
metric Polytopes with[] 
 []


Overfull \hbox (2.72635pt too wide) in paragraph at lines 413--413
[]   \OT1/cmtt/m/n/10 NRPSHDDemo   - demo for paper "Neighborliness of Randomly
-Projected Simplices[] 
 []


Overfull \hbox (7.9763pt too wide) in paragraph at lines 413--413
[]   \OT1/cmtt/m/n/10 SNSULELPDemo - demo for paper "Sparse Nonnegative Solutio
ns of Underdetermined[] 
 []


Overfull \hbox (28.97612pt too wide) in paragraph at lines 413--413
[]   \OT1/cmtt/m/n/10 StOMPDemo    - demo for paper "Sparse Solution of Underde
termined Linear Equations[] 
 []

[8] [9] [10] [11]
Overfull \hbox (7.9763pt too wide) in paragraph at lines 701--701
[]   \OT1/cmtt/m/n/10 HDCPNPDDemo  - demo for paper "High-Dimensional Centrosym
metric Polytopes with[] 
 []


Overfull \hbox (2.72635pt too wide) in paragraph at lines 701--701
[]   \OT1/cmtt/m/n/10 NRPSHDDemo   - demo for paper "Neighborliness of Randomly
-Projected Simplices[] 
 []

[12]
Overfull \hbox (7.9763pt too wide) in paragraph at lines 701--701
[]   \OT1/cmtt/m/n/10 SNSULELPDemo - demo for paper "Sparse Nonnegative Solutio
ns of Underdetermined[] 
 []


Overfull \hbox (28.97612pt too wide) in paragraph at lines 701--701
[]   \OT1/cmtt/m/n/10 StOMPDemo    - demo for paper "Sparse Solution of Underde
termined Linear Equations[] 
 []

[13] [14] [15] [16] [17] (./References.tex) [18] (./AboutSparseLab.aux)

LaTeX Warning: Label(s) may have changed. Rerun to get cross-references right.

 ) 
Here is how much of TeX's memory you used:
 675 strings out of 95847
 7731 string characters out of 1195948
 56998 words of memory out of 1000001
 3644 multiletter control sequences out of 10000+50000
 9317 words of font info for 33 fonts, out of 500000 for 1000
 14 hyphenation exceptions out of 1000
 25i,7n,19p,210b,301s stack positions out of 1500i,500n,5000p,200000b,5000s

Output written on AboutSparseLab.dvi (18 pages, 55296 bytes).
